<?xml version="1.0" encoding="UTF-8"?>
<!-- Generated by org.testng.reporters.JUnitXMLReporter -->
<testsuite ignored="0" hostname="TYSS-Rajath-Heblikar" failures="1" tests="2" name="Test" time="12.161" errors="0" timestamp="2024-04-27T18:01:28 IST">
  <testcase classname="qa.tests.TestCase1" name="loginWithValidCredentials" time="0.603">
    <skipped/>
  </testcase> <!-- loginWithValidCredentials -->
  <testcase classname="qa.tests.TestCase1" name="loginWithValidCredentials" time="0.462">
    <failure type="java.lang.AssertionError" message="Element not found expected [true] but found [false]">
      <![CDATA[java.lang.AssertionError: Element not found expected [true] but found [false]
at pageEvents.LoginPageEvents.verifyLoginPageLoad(LoginPageEvents.java:14)
at qa.tests.TestCase1.loginWithValidCredentials(TestCase1.java:20)
at java.base/java.util.ArrayList.forEach(ArrayList.java:1511)
... Removed 30 stack frames]]>
    </failure>
  </testcase> <!-- loginWithValidCredentials -->
</testsuite> <!-- Test -->
